<?xml version="1.0" encoding="UTF-8"?>
<!-- Generated by org.testng.reporters.JUnitReportReporter -->
<testsuite hostname="sprust15" name="com.training.testRunner.TestRunnerTestNG" tests="4" failures="0" timestamp="25 Jun 2020 16:53:08 GMT" time="0.371" errors="0">
  <testcase name="feature" time="0.139" classname="com.training.testRunner.TestRunnerTestNG"/>
  <testcase name="feature" time="0.020" classname="com.training.testRunner.TestRunnerTestNG"/>
  <testcase name="feature" time="0.163" classname="com.training.testRunner.TestRunnerTestNG"/>
  <testcase name="feature" time="0.049" classname="com.training.testRunner.TestRunnerTestNG"/>
</testsuite> <!-- com.training.testRunner.TestRunnerTestNG -->
